{"/home/simplebet/microverse/final-capstone/booking-bites/app/javascript/components/Logout.js": {"path":"/home/simplebet/microverse/final-capstone/booking-bites/app/javascript/components/Logout.js","statementMap":{"0":{"start":{"line":7,"column":15},"end":{"line":26,"column":1}},"1":{"start":{"line":8,"column":19},"end":{"line":8,"column":32}},"2":{"start":{"line":9,"column":19},"end":{"line":9,"column":32}},"3":{"start":{"line":10,"column":23},"end":{"line":13,"column":3}},"4":{"start":{"line":11,"column":4},"end":{"line":11,"column":23}},"5":{"start":{"line":12,"column":4},"end":{"line":12,"column":18}},"6":{"start":{"line":14,"column":2},"end":{"line":25,"column":4}}},"fnMap":{"0":{"name":"(anonymous_0)","decl":{"start":{"line":7,"column":15},"end":{"line":7,"column":16}},"loc":{"start":{"line":7,"column":21},"end":{"line":26,"column":1}},"line":7},"1":{"name":"(anonymous_1)","decl":{"start":{"line":10,"column":23},"end":{"line":10,"column":24}},"loc":{"start":{"line":10,"column":29},"end":{"line":13,"column":3}},"line":10}},"branchMap":{},"s":{"0":1,"1":3,"2":3,"3":3,"4":0,"5":0,"6":3},"f":{"0":3,"1":0},"b":{},"_coverageSchema":"1a1c01bbd47fc00a2c39e90264f33305004495a9","hash":"48c17c17dd5564d0335da93536489b1a89c90a15"}
,"/home/simplebet/microverse/final-capstone/booking-bites/app/javascript/components/NavBar.js": {"path":"/home/simplebet/microverse/final-capstone/booking-bites/app/javascript/components/NavBar.js","statementMap":{"0":{"start":{"line":12,"column":15},"end":{"line":72,"column":1}},"1":{"start":{"line":13,"column":19},"end":{"line":13,"column":32}},"2":{"start":{"line":14,"column":36},"end":{"line":14,"column":51}},"3":{"start":{"line":16,"column":20},"end":{"line":18,"column":3}},"4":{"start":{"line":17,"column":4},"end":{"line":17,"column":29}},"5":{"start":{"line":20,"column":2},"end":{"line":71,"column":4}}},"fnMap":{"0":{"name":"(anonymous_0)","decl":{"start":{"line":12,"column":15},"end":{"line":12,"column":16}},"loc":{"start":{"line":12,"column":21},"end":{"line":72,"column":1}},"line":12},"1":{"name":"(anonymous_1)","decl":{"start":{"line":16,"column":20},"end":{"line":16,"column":21}},"loc":{"start":{"line":16,"column":26},"end":{"line":18,"column":3}},"line":16}},"branchMap":{"0":{"loc":{"start":{"line":23,"column":31},"end":{"line":23,"column":111}},"type":"cond-expr","locations":[{"start":{"line":23,"column":43},"end":{"line":23,"column":75}},{"start":{"line":23,"column":78},"end":{"line":23,"column":111}}],"line":23},"1":{"loc":{"start":{"line":26,"column":39},"end":{"line":26,"column":73}},"type":"cond-expr","locations":[{"start":{"line":26,"column":51},"end":{"line":26,"column":63}},{"start":{"line":26,"column":66},"end":{"line":26,"column":73}}],"line":26},"2":{"loc":{"start":{"line":32,"column":41},"end":{"line":32,"column":86}},"type":"cond-expr","locations":[{"start":{"line":32,"column":73},"end":{"line":32,"column":81}},{"start":{"line":32,"column":84},"end":{"line":32,"column":86}}],"line":32},"3":{"loc":{"start":{"line":35,"column":41},"end":{"line":35,"column":98}},"type":"cond-expr","locations":[{"start":{"line":35,"column":85},"end":{"line":35,"column":93}},{"start":{"line":35,"column":96},"end":{"line":35,"column":98}}],"line":35},"4":{"loc":{"start":{"line":38,"column":41},"end":{"line":38,"column":84}},"type":"cond-expr","locations":[{"start":{"line":38,"column":71},"end":{"line":38,"column":79}},{"start":{"line":38,"column":82},"end":{"line":38,"column":84}}],"line":38},"5":{"loc":{"start":{"line":41,"column":41},"end":{"line":41,"column":94}},"type":"cond-expr","locations":[{"start":{"line":41,"column":81},"end":{"line":41,"column":89}},{"start":{"line":41,"column":92},"end":{"line":41,"column":94}}],"line":41},"6":{"loc":{"start":{"line":44,"column":41},"end":{"line":44,"column":88}},"type":"cond-expr","locations":[{"start":{"line":44,"column":75},"end":{"line":44,"column":83}},{"start":{"line":44,"column":86},"end":{"line":44,"column":88}}],"line":44}},"s":{"0":1,"1":3,"2":3,"3":3,"4":1,"5":3},"f":{"0":3,"1":1},"b":{"0":[1,2],"1":[1,2],"2":[0,3],"3":[0,3],"4":[0,3],"5":[0,3],"6":[0,3]},"_coverageSchema":"1a1c01bbd47fc00a2c39e90264f33305004495a9","hash":"5d2f368b24e8b32b20e7ab6fac8d219670fd6261"}
,"/home/simplebet/microverse/final-capstone/booking-bites/app/javascript/redux/features/users/usersSlice.js": {"path":"/home/simplebet/microverse/final-capstone/booking-bites/app/javascript/redux/features/users/usersSlice.js","statementMap":{"0":{"start":{"line":3,"column":12},"end":{"line":3,"column":40}},"1":{"start":{"line":4,"column":13},"end":{"line":4,"column":20}},"2":{"start":{"line":6,"column":25},"end":{"line":20,"column":3}},"3":{"start":{"line":9,"column":6},"end":{"line":18,"column":7}},"4":{"start":{"line":10,"column":25},"end":{"line":10,"column":73}},"5":{"start":{"line":11,"column":8},"end":{"line":13,"column":9}},"6":{"start":{"line":12,"column":10},"end":{"line":12,"column":49}},"7":{"start":{"line":14,"column":20},"end":{"line":14,"column":41}},"8":{"start":{"line":15,"column":8},"end":{"line":15,"column":19}},"9":{"start":{"line":17,"column":8},"end":{"line":17,"column":21}},"10":{"start":{"line":22,"column":28},"end":{"line":42,"column":3}},"11":{"start":{"line":25,"column":6},"end":{"line":40,"column":7}},"12":{"start":{"line":26,"column":25},"end":{"line":32,"column":10}},"13":{"start":{"line":33,"column":8},"end":{"line":36,"column":9}},"14":{"start":{"line":34,"column":32},"end":{"line":34,"column":53}},"15":{"start":{"line":35,"column":10},"end":{"line":35,"column":51}},"16":{"start":{"line":37,"column":8},"end":{"line":37,"column":37}},"17":{"start":{"line":39,"column":8},"end":{"line":39,"column":55}},"18":{"start":{"line":44,"column":21},"end":{"line":50,"column":1}},"19":{"start":{"line":51,"column":26},"end":{"line":93,"column":2}},"20":{"start":{"line":56,"column":6},"end":{"line":56,"column":28}},"21":{"start":{"line":57,"column":6},"end":{"line":57,"column":24}},"22":{"start":{"line":58,"column":6},"end":{"line":58,"column":22}},"23":{"start":{"line":59,"column":6},"end":{"line":59,"column":61}},"24":{"start":{"line":63,"column":4},"end":{"line":89,"column":9}},"25":{"start":{"line":65,"column":8},"end":{"line":72,"column":9}},"26":{"start":{"line":66,"column":10},"end":{"line":66,"column":44}},"27":{"start":{"line":67,"column":10},"end":{"line":67,"column":36}},"28":{"start":{"line":68,"column":10},"end":{"line":68,"column":32}},"29":{"start":{"line":69,"column":10},"end":{"line":69,"column":35}},"30":{"start":{"line":70,"column":10},"end":{"line":70,"column":29}},"31":{"start":{"line":71,"column":10},"end":{"line":71,"column":77}},"32":{"start":{"line":75,"column":8},"end":{"line":75,"column":32}},"33":{"start":{"line":78,"column":8},"end":{"line":84,"column":9}},"34":{"start":{"line":79,"column":10},"end":{"line":79,"column":44}},"35":{"start":{"line":80,"column":10},"end":{"line":80,"column":36}},"36":{"start":{"line":81,"column":10},"end":{"line":81,"column":35}},"37":{"start":{"line":82,"column":10},"end":{"line":82,"column":29}},"38":{"start":{"line":83,"column":10},"end":{"line":83,"column":77}},"39":{"start":{"line":87,"column":8},"end":{"line":87,"column":32}},"40":{"start":{"line":88,"column":8},"end":{"line":88,"column":37}},"41":{"start":{"line":94,"column":26},"end":{"line":94,"column":44}}},"fnMap":{"0":{"name":"(anonymous_0)","decl":{"start":{"line":8,"column":4},"end":{"line":8,"column":5}},"loc":{"start":{"line":8,"column":24},"end":{"line":19,"column":5}},"line":8},"1":{"name":"(anonymous_1)","decl":{"start":{"line":24,"column":4},"end":{"line":24,"column":5}},"loc":{"start":{"line":24,"column":30},"end":{"line":41,"column":5}},"line":24},"2":{"name":"(anonymous_2)","decl":{"start":{"line":55,"column":12},"end":{"line":55,"column":13}},"loc":{"start":{"line":55,"column":23},"end":{"line":60,"column":5}},"line":55},"3":{"name":"(anonymous_3)","decl":{"start":{"line":62,"column":17},"end":{"line":62,"column":18}},"loc":{"start":{"line":62,"column":30},"end":{"line":92,"column":3}},"line":62},"4":{"name":"(anonymous_4)","decl":{"start":{"line":64,"column":36},"end":{"line":64,"column":37}},"loc":{"start":{"line":64,"column":60},"end":{"line":73,"column":7}},"line":64},"5":{"name":"(anonymous_5)","decl":{"start":{"line":74,"column":35},"end":{"line":74,"column":36}},"loc":{"start":{"line":74,"column":46},"end":{"line":76,"column":7}},"line":74},"6":{"name":"(anonymous_6)","decl":{"start":{"line":77,"column":37},"end":{"line":77,"column":38}},"loc":{"start":{"line":77,"column":61},"end":{"line":85,"column":7}},"line":77},"7":{"name":"(anonymous_7)","decl":{"start":{"line":86,"column":36},"end":{"line":86,"column":37}},"loc":{"start":{"line":86,"column":55},"end":{"line":89,"column":7}},"line":86}},"branchMap":{"0":{"loc":{"start":{"line":11,"column":8},"end":{"line":13,"column":9}},"type":"if","locations":[{"start":{"line":11,"column":8},"end":{"line":13,"column":9}},{"start":{},"end":{}}],"line":11},"1":{"loc":{"start":{"line":33,"column":8},"end":{"line":36,"column":9}},"type":"if","locations":[{"start":{"line":33,"column":8},"end":{"line":36,"column":9}},{"start":{},"end":{}}],"line":33},"2":{"loc":{"start":{"line":65,"column":8},"end":{"line":72,"column":9}},"type":"if","locations":[{"start":{"line":65,"column":8},"end":{"line":72,"column":9}},{"start":{},"end":{}}],"line":65},"3":{"loc":{"start":{"line":78,"column":8},"end":{"line":84,"column":9}},"type":"if","locations":[{"start":{"line":78,"column":8},"end":{"line":84,"column":9}},{"start":{},"end":{}}],"line":78}},"s":{"0":1,"1":1,"2":1,"3":0,"4":0,"5":0,"6":0,"7":0,"8":0,"9":0,"10":1,"11":0,"12":0,"13":0,"14":0,"15":0,"16":0,"17":0,"18":1,"19":1,"20":0,"21":0,"22":0,"23":0,"24":0,"25":0,"26":0,"27":0,"28":0,"29":0,"30":0,"31":0,"32":0,"33":0,"34":0,"35":0,"36":0,"37":0,"38":0,"39":0,"40":0,"41":1},"f":{"0":0,"1":0,"2":0,"3":0,"4":0,"5":0,"6":0,"7":0},"b":{"0":[0,0],"1":[0,0],"2":[0,0],"3":[0,0]},"_coverageSchema":"1a1c01bbd47fc00a2c39e90264f33305004495a9","hash":"1f17ee0f0fc506ebf726ca75275f9cbd9048dfb3"}
}
