TN:
SF:app/javascript/components/Logout.js
FN:7,(anonymous_0)
FN:10,(anonymous_1)
FNF:2
FNH:1
FNDA:3,(anonymous_0)
FNDA:0,(anonymous_1)
DA:7,1
DA:8,3
DA:9,3
DA:10,3
DA:11,0
DA:12,0
DA:14,3
LF:7
LH:5
BRF:0
BRH:0
end_of_record
TN:
SF:app/javascript/components/NavBar.js
FN:12,(anonymous_0)
FN:16,(anonymous_1)
FNF:2
FNH:2
FNDA:3,(anonymous_0)
FNDA:1,(anonymous_1)
DA:12,1
DA:13,3
DA:14,3
DA:16,3
DA:17,1
DA:20,3
LF:6
LH:6
BRDA:23,0,0,1
BRDA:23,0,1,2
BRDA:26,1,0,1
BRDA:26,1,1,2
BRDA:32,2,0,0
BRDA:32,2,1,3
BRDA:35,3,0,0
BRDA:35,3,1,3
BRDA:38,4,0,0
BRDA:38,4,1,3
BRDA:41,5,0,0
BRDA:41,5,1,3
BRDA:44,6,0,0
BRDA:44,6,1,3
BRF:14
BRH:9
end_of_record
TN:
SF:app/javascript/redux/features/users/usersSlice.js
FN:8,(anonymous_0)
FN:24,(anonymous_1)
FN:55,(anonymous_2)
FN:62,(anonymous_3)
FN:64,(anonymous_4)
FN:74,(anonymous_5)
FN:77,(anonymous_6)
FN:86,(anonymous_7)
FNF:8
FNH:0
FNDA:0,(anonymous_0)
FNDA:0,(anonymous_1)
FNDA:0,(anonymous_2)
FNDA:0,(anonymous_3)
FNDA:0,(anonymous_4)
FNDA:0,(anonymous_5)
FNDA:0,(anonymous_6)
FNDA:0,(anonymous_7)
DA:3,1
DA:4,1
DA:6,1
DA:9,0
DA:10,0
DA:11,0
DA:12,0
DA:14,0
DA:15,0
DA:17,0
DA:22,1
DA:25,0
DA:26,0
DA:33,0
DA:34,0
DA:35,0
DA:37,0
DA:39,0
DA:44,1
DA:51,1
DA:56,0
DA:57,0
DA:58,0
DA:59,0
DA:63,0
DA:65,0
DA:66,0
DA:67,0
DA:68,0
DA:69,0
DA:70,0
DA:71,0
DA:75,0
DA:78,0
DA:79,0
DA:80,0
DA:81,0
DA:82,0
DA:83,0
DA:87,0
DA:88,0
DA:94,1
LF:42
LH:7
BRDA:11,0,0,0
BRDA:11,0,1,0
BRDA:33,1,0,0
BRDA:33,1,1,0
BRDA:65,2,0,0
BRDA:65,2,1,0
BRDA:78,3,0,0
BRDA:78,3,1,0
BRF:8
BRH:0
end_of_record
